INFO 2025-07-31 02:21:49,392 autoreload 1068 16416 Watching for file changes with StatReloader
WARNING 2025-07-31 02:21:52,245 log 1068 10492 Not Found: /login/
INFO 2025-07-31 02:30:41,079 autoreload 13124 16964 Watching for file changes with StatReloader
WARNING 2025-07-31 02:30:44,256 log 13124 15080 Not Found: /login/
WARNING 2025-07-31 02:30:51,099 log 13124 15080 Not Found: /login/
INFO 2025-07-31 02:35:33,293 autoreload 9224 10720 Watching for file changes with StatReloader
WARNING 2025-07-31 02:35:46,553 log 9224 532 Not Found: /login/
INFO 2025-07-31 02:50:11,362 autoreload 17444 4056 Watching for file changes with StatReloader
INFO 2025-07-31 02:51:12,063 autoreload 10692 15552 Watching for file changes with StatReloader
INFO 2025-07-31 02:54:31,876 autoreload 14388 18052 Watching for file changes with StatReloader
INFO 2025-07-31 03:06:38,341 autoreload 15432 16096 Watching for file changes with StatReloader
ERROR 2025-07-31 03:07:00,783 log 15432 18592 Internal Server Error: /accounts/login/
Traceback (most recent call last):
  File "C:\Users\HP\Downloads\store_manager_project_with_password_reset\venv\Lib\site-packages\django\contrib\sessions\backends\base.py", line 244, in _get_session
    return self._session_cache
           ^^^^^^^^^^^^^^^^^^^
AttributeError: 'SessionStore' object has no attribute '_session_cache'

During handling of the above exception, another exception occurred:

Traceback (most recent call last):
  File "C:\Users\HP\Downloads\store_manager_project_with_password_reset\venv\Lib\site-packages\django\db\backends\utils.py", line 105, in _execute
    return self.cursor.execute(sql, params)
           ~~~~~~~~~~~~~~~~~~~^^^^^^^^^^^^^
  File "C:\Users\HP\Downloads\store_manager_project_with_password_reset\venv\Lib\site-packages\django\db\backends\sqlite3\base.py", line 360, in execute
    return super().execute(query, params)
           ~~~~~~~~~~~~~~~^^^^^^^^^^^^^^^
sqlite3.OperationalError: no such table: django_session

The above exception was the direct cause of the following exception:

Traceback (most recent call last):
  File "C:\Users\HP\Downloads\store_manager_project_with_password_reset\venv\Lib\site-packages\django\core\handlers\exception.py", line 55, in inner
    response = get_response(request)
  File "C:\Users\HP\Downloads\store_manager_project_with_password_reset\venv\Lib\site-packages\django\core\handlers\base.py", line 197, in _get_response
    response = wrapped_callback(request, *callback_args, **callback_kwargs)
  File "C:\Users\HP\Downloads\store_manager_project_with_password_reset\venv\Lib\site-packages\django\views\generic\base.py", line 104, in view
    return self.dispatch(request, *args, **kwargs)
           ~~~~~~~~~~~~~^^^^^^^^^^^^^^^^^^^^^^^^^^
  File "C:\Users\HP\Downloads\store_manager_project_with_password_reset\venv\Lib\site-packages\django\utils\decorators.py", line 48, in _wrapper
    return bound_method(*args, **kwargs)
  File "C:\Users\HP\Downloads\store_manager_project_with_password_reset\venv\Lib\site-packages\django\utils\decorators.py", line 192, in _view_wrapper
    result = _process_exception(request, e)
  File "C:\Users\HP\Downloads\store_manager_project_with_password_reset\venv\Lib\site-packages\django\utils\decorators.py", line 190, in _view_wrapper
    response = view_func(request, *args, **kwargs)
  File "C:\Users\HP\Downloads\store_manager_project_with_password_reset\venv\Lib\site-packages\django\views\decorators\cache.py", line 80, in _view_wrapper
    response = view_func(request, *args, **kwargs)
  File "C:\Users\HP\Downloads\store_manager_project_with_password_reset\venv\Lib\site-packages\django\utils\decorators.py", line 48, in _wrapper
    return bound_method(*args, **kwargs)
  File "C:\Users\HP\Downloads\store_manager_project_with_password_reset\venv\Lib\site-packages\django\utils\decorators.py", line 48, in _wrapper
    return bound_method(*args, **kwargs)
  File "C:\Users\HP\Downloads\store_manager_project_with_password_reset\venv\Lib\site-packages\django\views\decorators\debug.py", line 143, in sensitive_post_parameters_wrapper
    return view(request, *args, **kwargs)
  File "C:\Users\HP\Downloads\store_manager_project_with_password_reset\venv\Lib\site-packages\django\utils\decorators.py", line 48, in _wrapper
    return bound_method(*args, **kwargs)
  File "C:\Users\HP\Downloads\store_manager_project_with_password_reset\venv\Lib\site-packages\django\utils\decorators.py", line 192, in _view_wrapper
    result = _process_exception(request, e)
  File "C:\Users\HP\Downloads\store_manager_project_with_password_reset\venv\Lib\site-packages\django\utils\decorators.py", line 190, in _view_wrapper
    response = view_func(request, *args, **kwargs)
  File "C:\Users\HP\Downloads\store_manager_project_with_password_reset\venv\Lib\site-packages\django\utils\decorators.py", line 48, in _wrapper
    return bound_method(*args, **kwargs)
  File "C:\Users\HP\Downloads\store_manager_project_with_password_reset\venv\Lib\site-packages\django\views\decorators\cache.py", line 80, in _view_wrapper
    response = view_func(request, *args, **kwargs)
  File "C:\Users\HP\Downloads\store_manager_project_with_password_reset\venv\Lib\site-packages\django\contrib\auth\views.py", line 81, in dispatch
    if self.redirect_authenticated_user and self.request.user.is_authenticated:
                                            ^^^^^^^^^^^^^^^^^^^^^^^^^^^^^^^^^^
  File "C:\Users\HP\Downloads\store_manager_project_with_password_reset\venv\Lib\site-packages\django\utils\functional.py", line 251, in inner
    self._setup()
    ~~~~~~~~~~~^^
  File "C:\Users\HP\Downloads\store_manager_project_with_password_reset\venv\Lib\site-packages\django\utils\functional.py", line 404, in _setup
    self._wrapped = self._setupfunc()
                    ~~~~~~~~~~~~~~~^^
  File "C:\Users\HP\Downloads\store_manager_project_with_password_reset\venv\Lib\site-packages\django\contrib\auth\middleware.py", line 39, in <lambda>
    request.user = SimpleLazyObject(lambda: get_user(request))
                                            ~~~~~~~~^^^^^^^^^
  File "C:\Users\HP\Downloads\store_manager_project_with_password_reset\venv\Lib\site-packages\django\contrib\auth\middleware.py", line 19, in get_user
    request._cached_user = auth.get_user(request)
                           ~~~~~~~~~~~~~^^^^^^^^^
  File "C:\Users\HP\Downloads\store_manager_project_with_password_reset\venv\Lib\site-packages\django\contrib\auth\__init__.py", line 304, in get_user
    user_id = _get_user_session_key(request)
  File "C:\Users\HP\Downloads\store_manager_project_with_password_reset\venv\Lib\site-packages\django\contrib\auth\__init__.py", line 95, in _get_user_session_key
    return get_user_model()._meta.pk.to_python(request.session[SESSION_KEY])
                                               ~~~~~~~~~~~~~~~^^^^^^^^^^^^^
  File "C:\Users\HP\Downloads\store_manager_project_with_password_reset\venv\Lib\site-packages\django\contrib\sessions\backends\base.py", line 55, in __getitem__
    return self._session[key]
           ^^^^^^^^^^^^^
  File "C:\Users\HP\Downloads\store_manager_project_with_password_reset\venv\Lib\site-packages\django\contrib\sessions\backends\base.py", line 249, in _get_session
    self._session_cache = self.load()
                          ~~~~~~~~~^^
  File "C:\Users\HP\Downloads\store_manager_project_with_password_reset\venv\Lib\site-packages\django\contrib\sessions\backends\db.py", line 55, in load
    s = self._get_session_from_db()
  File "C:\Users\HP\Downloads\store_manager_project_with_password_reset\venv\Lib\site-packages\django\contrib\sessions\backends\db.py", line 34, in _get_session_from_db
    return self.model.objects.get(
           ~~~~~~~~~~~~~~~~~~~~~~^
        session_key=self.session_key, expire_date__gt=timezone.now()
        ^^^^^^^^^^^^^^^^^^^^^^^^^^^^^^^^^^^^^^^^^^^^^^^^^^^^^^^^^^^^
    )
    ^
  File "C:\Users\HP\Downloads\store_manager_project_with_password_reset\venv\Lib\site-packages\django\db\models\manager.py", line 87, in manager_method
    return getattr(self.get_queryset(), name)(*args, **kwargs)
           ~~~~~~~~~~~~~~~~~~~~~~~~~~~~~~~~~~^^^^^^^^^^^^^^^^^
  File "C:\Users\HP\Downloads\store_manager_project_with_password_reset\venv\Lib\site-packages\django\db\models\query.py", line 629, in get
    num = len(clone)
  File "C:\Users\HP\Downloads\store_manager_project_with_password_reset\venv\Lib\site-packages\django\db\models\query.py", line 366, in __len__
    self._fetch_all()
    ~~~~~~~~~~~~~~~^^
  File "C:\Users\HP\Downloads\store_manager_project_with_password_reset\venv\Lib\site-packages\django\db\models\query.py", line 1935, in _fetch_all
    self._result_cache = list(self._iterable_class(self))
                         ~~~~^^^^^^^^^^^^^^^^^^^^^^^^^^^^
  File "C:\Users\HP\Downloads\store_manager_project_with_password_reset\venv\Lib\site-packages\django\db\models\query.py", line 91, in __iter__
    results = compiler.execute_sql(
        chunked_fetch=self.chunked_fetch, chunk_size=self.chunk_size
    )
  File "C:\Users\HP\Downloads\store_manager_project_with_password_reset\venv\Lib\site-packages\django\db\models\sql\compiler.py", line 1622, in execute_sql
    cursor.execute(sql, params)
    ~~~~~~~~~~~~~~^^^^^^^^^^^^^
  File "C:\Users\HP\Downloads\store_manager_project_with_password_reset\venv\Lib\site-packages\django\db\backends\utils.py", line 122, in execute
    return super().execute(sql, params)
           ~~~~~~~~~~~~~~~^^^^^^^^^^^^^
  File "C:\Users\HP\Downloads\store_manager_project_with_password_reset\venv\Lib\site-packages\django\db\backends\utils.py", line 79, in execute
    return self._execute_with_wrappers(
           ~~~~~~~~~~~~~~~~~~~~~~~~~~~^
        sql, params, many=False, executor=self._execute
        ^^^^^^^^^^^^^^^^^^^^^^^^^^^^^^^^^^^^^^^^^^^^^^^
    )
    ^
  File "C:\Users\HP\Downloads\store_manager_project_with_password_reset\venv\Lib\site-packages\django\db\backends\utils.py", line 92, in _execute_with_wrappers
    return executor(sql, params, many, context)
  File "C:\Users\HP\Downloads\store_manager_project_with_password_reset\venv\Lib\site-packages\django\db\backends\utils.py", line 100, in _execute
    with self.db.wrap_database_errors:
         ^^^^^^^^^^^^^^^^^^^^^^^^^^^^
  File "C:\Users\HP\Downloads\store_manager_project_with_password_reset\venv\Lib\site-packages\django\db\utils.py", line 91, in __exit__
    raise dj_exc_value.with_traceback(traceback) from exc_value
  File "C:\Users\HP\Downloads\store_manager_project_with_password_reset\venv\Lib\site-packages\django\db\backends\utils.py", line 105, in _execute
    return self.cursor.execute(sql, params)
           ~~~~~~~~~~~~~~~~~~~^^^^^^^^^^^^^
  File "C:\Users\HP\Downloads\store_manager_project_with_password_reset\venv\Lib\site-packages\django\db\backends\sqlite3\base.py", line 360, in execute
    return super().execute(query, params)
           ~~~~~~~~~~~~~~~^^^^^^^^^^^^^^^
django.db.utils.OperationalError: no such table: django_session
INFO 2025-07-31 03:10:11,885 autoreload 19244 19404 Watching for file changes with StatReloader
ERROR 2025-07-31 03:10:18,750 log 19244 16776 Internal Server Error: /accounts/login/
Traceback (most recent call last):
  File "C:\Users\HP\Downloads\store_manager_project_with_password_reset\venv\Lib\site-packages\django\core\handlers\exception.py", line 55, in inner
    response = get_response(request)
  File "C:\Users\HP\Downloads\store_manager_project_with_password_reset\venv\Lib\site-packages\django\core\handlers\base.py", line 220, in _get_response
    response = response.render()
  File "C:\Users\HP\Downloads\store_manager_project_with_password_reset\venv\Lib\site-packages\django\template\response.py", line 114, in render
    self.content = self.rendered_content
                   ^^^^^^^^^^^^^^^^^^^^^
  File "C:\Users\HP\Downloads\store_manager_project_with_password_reset\venv\Lib\site-packages\django\template\response.py", line 92, in rendered_content
    return template.render(context, self._request)
           ~~~~~~~~~~~~~~~^^^^^^^^^^^^^^^^^^^^^^^^
  File "C:\Users\HP\Downloads\store_manager_project_with_password_reset\venv\Lib\site-packages\django\template\backends\django.py", line 107, in render
    return self.template.render(context)
           ~~~~~~~~~~~~~~~~~~~~^^^^^^^^^
  File "C:\Users\HP\Downloads\store_manager_project_with_password_reset\venv\Lib\site-packages\django\template\base.py", line 171, in render
    return self._render(context)
           ~~~~~~~~~~~~^^^^^^^^^
  File "C:\Users\HP\Downloads\store_manager_project_with_password_reset\venv\Lib\site-packages\django\template\base.py", line 163, in _render
    return self.nodelist.render(context)
           ~~~~~~~~~~~~~~~~~~~~^^^^^^^^^
  File "C:\Users\HP\Downloads\store_manager_project_with_password_reset\venv\Lib\site-packages\django\template\base.py", line 1016, in render
    return SafeString("".join([node.render_annotated(context) for node in self]))
                               ~~~~~~~~~~~~~~~~~~~~~^^^^^^^^^
  File "C:\Users\HP\Downloads\store_manager_project_with_password_reset\venv\Lib\site-packages\django\template\base.py", line 977, in render_annotated
    return self.render(context)
           ~~~~~~~~~~~^^^^^^^^^
  File "C:\Users\HP\Downloads\store_manager_project_with_password_reset\venv\Lib\site-packages\django\template\loader_tags.py", line 159, in render
    return compiled_parent._render(context)
           ~~~~~~~~~~~~~~~~~~~~~~~^^^^^^^^^
  File "C:\Users\HP\Downloads\store_manager_project_with_password_reset\venv\Lib\site-packages\django\template\base.py", line 163, in _render
    return self.nodelist.render(context)
           ~~~~~~~~~~~~~~~~~~~~^^^^^^^^^
  File "C:\Users\HP\Downloads\store_manager_project_with_password_reset\venv\Lib\site-packages\django\template\base.py", line 1016, in render
    return SafeString("".join([node.render_annotated(context) for node in self]))
                               ~~~~~~~~~~~~~~~~~~~~~^^^^^^^^^
  File "C:\Users\HP\Downloads\store_manager_project_with_password_reset\venv\Lib\site-packages\django\template\base.py", line 977, in render_annotated
    return self.render(context)
           ~~~~~~~~~~~^^^^^^^^^
  File "C:\Users\HP\Downloads\store_manager_project_with_password_reset\venv\Lib\site-packages\django\template\loader_tags.py", line 65, in render
    result = block.nodelist.render(context)
  File "C:\Users\HP\Downloads\store_manager_project_with_password_reset\venv\Lib\site-packages\django\template\base.py", line 1016, in render
    return SafeString("".join([node.render_annotated(context) for node in self]))
                               ~~~~~~~~~~~~~~~~~~~~~^^^^^^^^^
  File "C:\Users\HP\Downloads\store_manager_project_with_password_reset\venv\Lib\site-packages\django\template\base.py", line 977, in render_annotated
    return self.render(context)
           ~~~~~~~~~~~^^^^^^^^^
  File "C:\Users\HP\Downloads\store_manager_project_with_password_reset\venv\Lib\site-packages\django\template\defaulttags.py", line 480, in render
    url = reverse(view_name, args=args, kwargs=kwargs, current_app=current_app)
  File "C:\Users\HP\Downloads\store_manager_project_with_password_reset\venv\Lib\site-packages\django\urls\base.py", line 98, in reverse
    resolved_url = resolver._reverse_with_prefix(view, prefix, *args, **kwargs)
  File "C:\Users\HP\Downloads\store_manager_project_with_password_reset\venv\Lib\site-packages\django\urls\resolvers.py", line 831, in _reverse_with_prefix
    raise NoReverseMatch(msg)
django.urls.exceptions.NoReverseMatch: Reverse for 'password_reset' not found. 'password_reset' is not a valid view function or pattern name.
INFO 2025-07-31 03:11:17,018 autoreload 5520 17348 Watching for file changes with StatReloader
ERROR 2025-07-31 03:11:26,670 log 5520 1240 Internal Server Error: /accounts/login/
Traceback (most recent call last):
  File "C:\Users\HP\Downloads\store_manager_project_with_password_reset\venv\Lib\site-packages\django\core\handlers\exception.py", line 55, in inner
    response = get_response(request)
  File "C:\Users\HP\Downloads\store_manager_project_with_password_reset\venv\Lib\site-packages\django\core\handlers\base.py", line 220, in _get_response
    response = response.render()
  File "C:\Users\HP\Downloads\store_manager_project_with_password_reset\venv\Lib\site-packages\django\template\response.py", line 114, in render
    self.content = self.rendered_content
                   ^^^^^^^^^^^^^^^^^^^^^
  File "C:\Users\HP\Downloads\store_manager_project_with_password_reset\venv\Lib\site-packages\django\template\response.py", line 92, in rendered_content
    return template.render(context, self._request)
           ~~~~~~~~~~~~~~~^^^^^^^^^^^^^^^^^^^^^^^^
  File "C:\Users\HP\Downloads\store_manager_project_with_password_reset\venv\Lib\site-packages\django\template\backends\django.py", line 107, in render
    return self.template.render(context)
           ~~~~~~~~~~~~~~~~~~~~^^^^^^^^^
  File "C:\Users\HP\Downloads\store_manager_project_with_password_reset\venv\Lib\site-packages\django\template\base.py", line 171, in render
    return self._render(context)
           ~~~~~~~~~~~~^^^^^^^^^
  File "C:\Users\HP\Downloads\store_manager_project_with_password_reset\venv\Lib\site-packages\django\template\base.py", line 163, in _render
    return self.nodelist.render(context)
           ~~~~~~~~~~~~~~~~~~~~^^^^^^^^^
  File "C:\Users\HP\Downloads\store_manager_project_with_password_reset\venv\Lib\site-packages\django\template\base.py", line 1016, in render
    return SafeString("".join([node.render_annotated(context) for node in self]))
                               ~~~~~~~~~~~~~~~~~~~~~^^^^^^^^^
  File "C:\Users\HP\Downloads\store_manager_project_with_password_reset\venv\Lib\site-packages\django\template\base.py", line 977, in render_annotated
    return self.render(context)
           ~~~~~~~~~~~^^^^^^^^^
  File "C:\Users\HP\Downloads\store_manager_project_with_password_reset\venv\Lib\site-packages\django\template\loader_tags.py", line 159, in render
    return compiled_parent._render(context)
           ~~~~~~~~~~~~~~~~~~~~~~~^^^^^^^^^
  File "C:\Users\HP\Downloads\store_manager_project_with_password_reset\venv\Lib\site-packages\django\template\base.py", line 163, in _render
    return self.nodelist.render(context)
           ~~~~~~~~~~~~~~~~~~~~^^^^^^^^^
  File "C:\Users\HP\Downloads\store_manager_project_with_password_reset\venv\Lib\site-packages\django\template\base.py", line 1016, in render
    return SafeString("".join([node.render_annotated(context) for node in self]))
                               ~~~~~~~~~~~~~~~~~~~~~^^^^^^^^^
  File "C:\Users\HP\Downloads\store_manager_project_with_password_reset\venv\Lib\site-packages\django\template\base.py", line 977, in render_annotated
    return self.render(context)
           ~~~~~~~~~~~^^^^^^^^^
  File "C:\Users\HP\Downloads\store_manager_project_with_password_reset\venv\Lib\site-packages\django\template\loader_tags.py", line 65, in render
    result = block.nodelist.render(context)
  File "C:\Users\HP\Downloads\store_manager_project_with_password_reset\venv\Lib\site-packages\django\template\base.py", line 1016, in render
    return SafeString("".join([node.render_annotated(context) for node in self]))
                               ~~~~~~~~~~~~~~~~~~~~~^^^^^^^^^
  File "C:\Users\HP\Downloads\store_manager_project_with_password_reset\venv\Lib\site-packages\django\template\base.py", line 977, in render_annotated
    return self.render(context)
           ~~~~~~~~~~~^^^^^^^^^
  File "C:\Users\HP\Downloads\store_manager_project_with_password_reset\venv\Lib\site-packages\django\template\defaulttags.py", line 480, in render
    url = reverse(view_name, args=args, kwargs=kwargs, current_app=current_app)
  File "C:\Users\HP\Downloads\store_manager_project_with_password_reset\venv\Lib\site-packages\django\urls\base.py", line 98, in reverse
    resolved_url = resolver._reverse_with_prefix(view, prefix, *args, **kwargs)
  File "C:\Users\HP\Downloads\store_manager_project_with_password_reset\venv\Lib\site-packages\django\urls\resolvers.py", line 831, in _reverse_with_prefix
    raise NoReverseMatch(msg)
django.urls.exceptions.NoReverseMatch: Reverse for 'password_reset' not found. 'password_reset' is not a valid view function or pattern name.
INFO 2025-07-31 03:17:11,270 autoreload 15236 8900 Watching for file changes with StatReloader
ERROR 2025-07-31 03:17:15,937 log 15236 15108 Internal Server Error: /accounts/login/
Traceback (most recent call last):
  File "C:\Users\HP\Downloads\store_manager_project_with_password_reset\venv\Lib\site-packages\django\core\handlers\exception.py", line 55, in inner
    response = get_response(request)
  File "C:\Users\HP\Downloads\store_manager_project_with_password_reset\venv\Lib\site-packages\django\core\handlers\base.py", line 220, in _get_response
    response = response.render()
  File "C:\Users\HP\Downloads\store_manager_project_with_password_reset\venv\Lib\site-packages\django\template\response.py", line 114, in render
    self.content = self.rendered_content
                   ^^^^^^^^^^^^^^^^^^^^^
  File "C:\Users\HP\Downloads\store_manager_project_with_password_reset\venv\Lib\site-packages\django\template\response.py", line 92, in rendered_content
    return template.render(context, self._request)
           ~~~~~~~~~~~~~~~^^^^^^^^^^^^^^^^^^^^^^^^
  File "C:\Users\HP\Downloads\store_manager_project_with_password_reset\venv\Lib\site-packages\django\template\backends\django.py", line 107, in render
    return self.template.render(context)
           ~~~~~~~~~~~~~~~~~~~~^^^^^^^^^
  File "C:\Users\HP\Downloads\store_manager_project_with_password_reset\venv\Lib\site-packages\django\template\base.py", line 171, in render
    return self._render(context)
           ~~~~~~~~~~~~^^^^^^^^^
  File "C:\Users\HP\Downloads\store_manager_project_with_password_reset\venv\Lib\site-packages\django\template\base.py", line 163, in _render
    return self.nodelist.render(context)
           ~~~~~~~~~~~~~~~~~~~~^^^^^^^^^
  File "C:\Users\HP\Downloads\store_manager_project_with_password_reset\venv\Lib\site-packages\django\template\base.py", line 1016, in render
    return SafeString("".join([node.render_annotated(context) for node in self]))
                               ~~~~~~~~~~~~~~~~~~~~~^^^^^^^^^
  File "C:\Users\HP\Downloads\store_manager_project_with_password_reset\venv\Lib\site-packages\django\template\base.py", line 977, in render_annotated
    return self.render(context)
           ~~~~~~~~~~~^^^^^^^^^
  File "C:\Users\HP\Downloads\store_manager_project_with_password_reset\venv\Lib\site-packages\django\template\loader_tags.py", line 159, in render
    return compiled_parent._render(context)
           ~~~~~~~~~~~~~~~~~~~~~~~^^^^^^^^^
  File "C:\Users\HP\Downloads\store_manager_project_with_password_reset\venv\Lib\site-packages\django\template\base.py", line 163, in _render
    return self.nodelist.render(context)
           ~~~~~~~~~~~~~~~~~~~~^^^^^^^^^
  File "C:\Users\HP\Downloads\store_manager_project_with_password_reset\venv\Lib\site-packages\django\template\base.py", line 1016, in render
    return SafeString("".join([node.render_annotated(context) for node in self]))
                               ~~~~~~~~~~~~~~~~~~~~~^^^^^^^^^
  File "C:\Users\HP\Downloads\store_manager_project_with_password_reset\venv\Lib\site-packages\django\template\base.py", line 977, in render_annotated
    return self.render(context)
           ~~~~~~~~~~~^^^^^^^^^
  File "C:\Users\HP\Downloads\store_manager_project_with_password_reset\venv\Lib\site-packages\django\template\loader_tags.py", line 65, in render
    result = block.nodelist.render(context)
  File "C:\Users\HP\Downloads\store_manager_project_with_password_reset\venv\Lib\site-packages\django\template\base.py", line 1016, in render
    return SafeString("".join([node.render_annotated(context) for node in self]))
                               ~~~~~~~~~~~~~~~~~~~~~^^^^^^^^^
  File "C:\Users\HP\Downloads\store_manager_project_with_password_reset\venv\Lib\site-packages\django\template\base.py", line 977, in render_annotated
    return self.render(context)
           ~~~~~~~~~~~^^^^^^^^^
  File "C:\Users\HP\Downloads\store_manager_project_with_password_reset\venv\Lib\site-packages\django\template\defaulttags.py", line 480, in render
    url = reverse(view_name, args=args, kwargs=kwargs, current_app=current_app)
  File "C:\Users\HP\Downloads\store_manager_project_with_password_reset\venv\Lib\site-packages\django\urls\base.py", line 98, in reverse
    resolved_url = resolver._reverse_with_prefix(view, prefix, *args, **kwargs)
  File "C:\Users\HP\Downloads\store_manager_project_with_password_reset\venv\Lib\site-packages\django\urls\resolvers.py", line 831, in _reverse_with_prefix
    raise NoReverseMatch(msg)
django.urls.exceptions.NoReverseMatch: Reverse for 'password_reset' not found. 'password_reset' is not a valid view function or pattern name.
INFO 2025-07-31 03:30:34,768 autoreload 18560 15356 Watching for file changes with StatReloader
INFO 2025-07-31 03:31:09,926 views 18560 11164 Connexion réussie pour admin (Caissier)
WARNING 2025-07-31 03:31:19,817 base 18560 11164 Method Not Allowed (GET): /accounts/logout/
WARNING 2025-07-31 03:31:19,819 log 18560 11164 Method Not Allowed: /accounts/logout/
INFO 2025-07-31 03:32:04,641 views 18560 11164 Connexion réussie pour admin (Caissier)
INFO 2025-07-31 03:34:06,680 autoreload 17444 3836 Watching for file changes with StatReloader
INFO 2025-07-31 03:34:11,002 views 17444 3784 Connexion réussie pour admin (Caissier)
INFO 2025-07-31 03:44:48,129 autoreload 7556 15520 Watching for file changes with StatReloader
INFO 2025-07-31 03:44:51,954 views 7556 14412 Connexion réussie pour admin (Caissier)
INFO 2025-07-31 03:46:04,472 forms 7556 17464 Nouvel utilisateur créé: barka (Administrateur)
INFO 2025-07-31 03:46:04,474 views 7556 17464 Nouveau compte créé: barka - barkahamza454@gmail.com (Administrateur)
INFO 2025-07-31 03:46:27,809 views 7556 17464 Connexion réussie pour barka (Administrateur)
INFO 2025-07-31 03:54:28,076 autoreload 13656 4100 Watching for file changes with StatReloader
INFO 2025-07-31 03:54:54,180 views 13656 18408 Connexion réussie pour hamza (Caissier)
INFO 2025-07-31 04:05:06,225 autoreload 13180 13492 Watching for file changes with StatReloader
INFO 2025-07-31 04:05:12,829 views 13180 12160 Connexion réussie pour hamza (Caissier)
INFO 2025-07-31 04:05:20,611 views 13180 12160 Déconnexion de hamza
INFO 2025-07-31 04:09:06,312 autoreload 4412 5856 Watching for file changes with StatReloader
INFO 2025-07-31 04:09:28,717 views 4412 6480 Connexion réussie pour barka (Administrateur)
INFO 2025-07-31 04:10:03,915 views 4412 6480 Déconnexion de barka
ERROR 2025-07-31 04:10:16,227 log 4412 6480 Internal Server Error: /accounts/password-reset/
Traceback (most recent call last):
  File "C:\Users\HP\Downloads\store_manager_project_with_password_reset\venv\Lib\site-packages\django\core\handlers\exception.py", line 55, in inner
    response = get_response(request)
  File "C:\Users\HP\Downloads\store_manager_project_with_password_reset\venv\Lib\site-packages\django\core\handlers\base.py", line 220, in _get_response
    response = response.render()
  File "C:\Users\HP\Downloads\store_manager_project_with_password_reset\venv\Lib\site-packages\django\template\response.py", line 114, in render
    self.content = self.rendered_content
                   ^^^^^^^^^^^^^^^^^^^^^
  File "C:\Users\HP\Downloads\store_manager_project_with_password_reset\venv\Lib\site-packages\django\template\response.py", line 90, in rendered_content
    template = self.resolve_template(self.template_name)
  File "C:\Users\HP\Downloads\store_manager_project_with_password_reset\venv\Lib\site-packages\django\template\response.py", line 72, in resolve_template
    return select_template(template, using=self.using)
  File "C:\Users\HP\Downloads\store_manager_project_with_password_reset\venv\Lib\site-packages\django\template\loader.py", line 47, in select_template
    raise TemplateDoesNotExist(", ".join(template_name_list), chain=chain)
django.template.exceptions.TemplateDoesNotExist: accounts/password_reset.html
INFO 2025-07-31 04:19:31,158 autoreload 14232 18048 Watching for file changes with StatReloader
ERROR 2025-07-31 04:19:39,969 log 14232 16480 Internal Server Error: /accounts/password-reset/
Traceback (most recent call last):
  File "C:\Users\HP\Downloads\store_manager_project_with_password_reset\venv\Lib\site-packages\django\core\handlers\exception.py", line 55, in inner
    response = get_response(request)
  File "C:\Users\HP\Downloads\store_manager_project_with_password_reset\venv\Lib\site-packages\django\core\handlers\base.py", line 220, in _get_response
    response = response.render()
  File "C:\Users\HP\Downloads\store_manager_project_with_password_reset\venv\Lib\site-packages\django\template\response.py", line 114, in render
    self.content = self.rendered_content
                   ^^^^^^^^^^^^^^^^^^^^^
  File "C:\Users\HP\Downloads\store_manager_project_with_password_reset\venv\Lib\site-packages\django\template\response.py", line 90, in rendered_content
    template = self.resolve_template(self.template_name)
  File "C:\Users\HP\Downloads\store_manager_project_with_password_reset\venv\Lib\site-packages\django\template\response.py", line 72, in resolve_template
    return select_template(template, using=self.using)
  File "C:\Users\HP\Downloads\store_manager_project_with_password_reset\venv\Lib\site-packages\django\template\loader.py", line 47, in select_template
    raise TemplateDoesNotExist(", ".join(template_name_list), chain=chain)
django.template.exceptions.TemplateDoesNotExist: accounts/password_reset.html
ERROR 2025-07-31 04:20:02,955 log 14232 16480 Internal Server Error: /accounts/password-reset/
Traceback (most recent call last):
  File "C:\Users\HP\Downloads\store_manager_project_with_password_reset\venv\Lib\site-packages\django\core\handlers\exception.py", line 55, in inner
    response = get_response(request)
  File "C:\Users\HP\Downloads\store_manager_project_with_password_reset\venv\Lib\site-packages\django\core\handlers\base.py", line 220, in _get_response
    response = response.render()
  File "C:\Users\HP\Downloads\store_manager_project_with_password_reset\venv\Lib\site-packages\django\template\response.py", line 114, in render
    self.content = self.rendered_content
                   ^^^^^^^^^^^^^^^^^^^^^
  File "C:\Users\HP\Downloads\store_manager_project_with_password_reset\venv\Lib\site-packages\django\template\response.py", line 90, in rendered_content
    template = self.resolve_template(self.template_name)
  File "C:\Users\HP\Downloads\store_manager_project_with_password_reset\venv\Lib\site-packages\django\template\response.py", line 72, in resolve_template
    return select_template(template, using=self.using)
  File "C:\Users\HP\Downloads\store_manager_project_with_password_reset\venv\Lib\site-packages\django\template\loader.py", line 47, in select_template
    raise TemplateDoesNotExist(", ".join(template_name_list), chain=chain)
django.template.exceptions.TemplateDoesNotExist: accounts/password_reset.html
INFO 2025-07-31 04:34:20,062 autoreload 5180 11632 Watching for file changes with StatReloader
INFO 2025-07-31 04:36:27,871 views 5180 4920 Demande de récupération de mot de passe pour: barkahamza454@gmail.com
ERROR 2025-07-31 04:36:27,981 log 5180 4920 Internal Server Error: /accounts/password-reset/
Traceback (most recent call last):
  File "C:\Users\HP\Downloads\store_manager_project_with_password_reset\venv\Lib\site-packages\django\core\handlers\exception.py", line 55, in inner
    response = get_response(request)
  File "C:\Users\HP\Downloads\store_manager_project_with_password_reset\venv\Lib\site-packages\django\core\handlers\base.py", line 197, in _get_response
    response = wrapped_callback(request, *callback_args, **callback_kwargs)
  File "C:\Users\HP\Downloads\store_manager_project_with_password_reset\venv\Lib\site-packages\django\views\generic\base.py", line 104, in view
    return self.dispatch(request, *args, **kwargs)
           ~~~~~~~~~~~~~^^^^^^^^^^^^^^^^^^^^^^^^^^
  File "C:\Users\HP\Downloads\store_manager_project_with_password_reset\venv\Lib\site-packages\django\utils\decorators.py", line 48, in _wrapper
    return bound_method(*args, **kwargs)
  File "C:\Users\HP\Downloads\store_manager_project_with_password_reset\venv\Lib\site-packages\django\utils\decorators.py", line 48, in _wrapper
    return bound_method(*args, **kwargs)
  File "C:\Users\HP\Downloads\store_manager_project_with_password_reset\venv\Lib\site-packages\django\utils\decorators.py", line 192, in _view_wrapper
    result = _process_exception(request, e)
  File "C:\Users\HP\Downloads\store_manager_project_with_password_reset\venv\Lib\site-packages\django\utils\decorators.py", line 190, in _view_wrapper
    response = view_func(request, *args, **kwargs)
  File "C:\Users\HP\Downloads\store_manager_project_with_password_reset\venv\Lib\site-packages\django\contrib\auth\views.py", line 229, in dispatch
    return super().dispatch(*args, **kwargs)
           ~~~~~~~~~~~~~~~~^^^^^^^^^^^^^^^^^
  File "C:\Users\HP\Downloads\store_manager_project_with_password_reset\venv\Lib\site-packages\django\views\generic\base.py", line 143, in dispatch
    return handler(request, *args, **kwargs)
  File "C:\Users\HP\Downloads\store_manager_project_with_password_reset\venv\Lib\site-packages\django\views\generic\edit.py", line 151, in post
    return self.form_valid(form)
           ~~~~~~~~~~~~~~~^^^^^^
  File "C:\Users\HP\Downloads\store_manager_project_with_password_reset\apps\accounts\views.py", line 125, in form_valid
    return super().form_valid(form)
           ~~~~~~~~~~~~~~~~~~^^^^^^
  File "C:\Users\HP\Downloads\store_manager_project_with_password_reset\venv\Lib\site-packages\django\contrib\auth\views.py", line 242, in form_valid
    form.save(**opts)
    ~~~~~~~~~^^^^^^^^
  File "C:\Users\HP\Downloads\store_manager_project_with_password_reset\venv\Lib\site-packages\django\contrib\auth\forms.py", line 498, in save
    self.send_mail(
    ~~~~~~~~~~~~~~^
        subject_template_name,
        ^^^^^^^^^^^^^^^^^^^^^^
    ...<4 lines>...
        html_email_template_name=html_email_template_name,
        ^^^^^^^^^^^^^^^^^^^^^^^^^^^^^^^^^^^^^^^^^^^^^^^^^^
    )
    ^
  File "C:\Users\HP\Downloads\store_manager_project_with_password_reset\venv\Lib\site-packages\django\contrib\auth\forms.py", line 426, in send_mail
    body = loader.render_to_string(email_template_name, context)
  File "C:\Users\HP\Downloads\store_manager_project_with_password_reset\venv\Lib\site-packages\django\template\loader.py", line 62, in render_to_string
    return template.render(context, request)
           ~~~~~~~~~~~~~~~^^^^^^^^^^^^^^^^^^
  File "C:\Users\HP\Downloads\store_manager_project_with_password_reset\venv\Lib\site-packages\django\template\backends\django.py", line 107, in render
    return self.template.render(context)
           ~~~~~~~~~~~~~~~~~~~~^^^^^^^^^
  File "C:\Users\HP\Downloads\store_manager_project_with_password_reset\venv\Lib\site-packages\django\template\base.py", line 171, in render
    return self._render(context)
           ~~~~~~~~~~~~^^^^^^^^^
  File "C:\Users\HP\Downloads\store_manager_project_with_password_reset\venv\Lib\site-packages\django\template\base.py", line 163, in _render
    return self.nodelist.render(context)
           ~~~~~~~~~~~~~~~~~~~~^^^^^^^^^
  File "C:\Users\HP\Downloads\store_manager_project_with_password_reset\venv\Lib\site-packages\django\template\base.py", line 1016, in render
    return SafeString("".join([node.render_annotated(context) for node in self]))
                               ~~~~~~~~~~~~~~~~~~~~~^^^^^^^^^
  File "C:\Users\HP\Downloads\store_manager_project_with_password_reset\venv\Lib\site-packages\django\template\base.py", line 977, in render_annotated
    return self.render(context)
           ~~~~~~~~~~~^^^^^^^^^
  File "C:\Users\HP\Downloads\store_manager_project_with_password_reset\venv\Lib\site-packages\django\template\defaulttags.py", line 55, in render
    output = self.nodelist.render(context)
  File "C:\Users\HP\Downloads\store_manager_project_with_password_reset\venv\Lib\site-packages\django\template\base.py", line 1016, in render
    return SafeString("".join([node.render_annotated(context) for node in self]))
                               ~~~~~~~~~~~~~~~~~~~~~^^^^^^^^^
  File "C:\Users\HP\Downloads\store_manager_project_with_password_reset\venv\Lib\site-packages\django\template\base.py", line 977, in render_annotated
    return self.render(context)
           ~~~~~~~~~~~^^^^^^^^^
  File "C:\Users\HP\Downloads\store_manager_project_with_password_reset\venv\Lib\site-packages\django\template\defaulttags.py", line 480, in render
    url = reverse(view_name, args=args, kwargs=kwargs, current_app=current_app)
  File "C:\Users\HP\Downloads\store_manager_project_with_password_reset\venv\Lib\site-packages\django\urls\base.py", line 98, in reverse
    resolved_url = resolver._reverse_with_prefix(view, prefix, *args, **kwargs)
  File "C:\Users\HP\Downloads\store_manager_project_with_password_reset\venv\Lib\site-packages\django\urls\resolvers.py", line 831, in _reverse_with_prefix
    raise NoReverseMatch(msg)
django.urls.exceptions.NoReverseMatch: Reverse for 'password_reset_confirm' not found. 'password_reset_confirm' is not a valid view function or pattern name.
INFO 2025-07-31 05:12:06,870 autoreload 17788 8744 Watching for file changes with StatReloader
INFO 2025-07-31 05:12:22,238 views 17788 18932 Demande de récupération de mot de passe pour: barkahamza454@gmail.com
ERROR 2025-07-31 05:12:22,521 log 17788 18932 Internal Server Error: /accounts/password-reset/
Traceback (most recent call last):
  File "C:\Users\HP\Downloads\store_manager_project_with_password_reset\venv\Lib\site-packages\django\core\handlers\exception.py", line 55, in inner
    response = get_response(request)
  File "C:\Users\HP\Downloads\store_manager_project_with_password_reset\venv\Lib\site-packages\django\core\handlers\base.py", line 197, in _get_response
    response = wrapped_callback(request, *callback_args, **callback_kwargs)
  File "C:\Users\HP\Downloads\store_manager_project_with_password_reset\venv\Lib\site-packages\django\views\generic\base.py", line 104, in view
    return self.dispatch(request, *args, **kwargs)
           ~~~~~~~~~~~~~^^^^^^^^^^^^^^^^^^^^^^^^^^
  File "C:\Users\HP\Downloads\store_manager_project_with_password_reset\venv\Lib\site-packages\django\utils\decorators.py", line 48, in _wrapper
    return bound_method(*args, **kwargs)
  File "C:\Users\HP\Downloads\store_manager_project_with_password_reset\venv\Lib\site-packages\django\utils\decorators.py", line 48, in _wrapper
    return bound_method(*args, **kwargs)
  File "C:\Users\HP\Downloads\store_manager_project_with_password_reset\venv\Lib\site-packages\django\utils\decorators.py", line 192, in _view_wrapper
    result = _process_exception(request, e)
  File "C:\Users\HP\Downloads\store_manager_project_with_password_reset\venv\Lib\site-packages\django\utils\decorators.py", line 190, in _view_wrapper
    response = view_func(request, *args, **kwargs)
  File "C:\Users\HP\Downloads\store_manager_project_with_password_reset\venv\Lib\site-packages\django\contrib\auth\views.py", line 229, in dispatch
    return super().dispatch(*args, **kwargs)
           ~~~~~~~~~~~~~~~~^^^^^^^^^^^^^^^^^
  File "C:\Users\HP\Downloads\store_manager_project_with_password_reset\venv\Lib\site-packages\django\views\generic\base.py", line 143, in dispatch
    return handler(request, *args, **kwargs)
  File "C:\Users\HP\Downloads\store_manager_project_with_password_reset\venv\Lib\site-packages\django\views\generic\edit.py", line 151, in post
    return self.form_valid(form)
           ~~~~~~~~~~~~~~~^^^^^^
  File "C:\Users\HP\Downloads\store_manager_project_with_password_reset\apps\accounts\views.py", line 125, in form_valid
    return super().form_valid(form)
           ~~~~~~~~~~~~~~~~~~^^^^^^
  File "C:\Users\HP\Downloads\store_manager_project_with_password_reset\venv\Lib\site-packages\django\contrib\auth\views.py", line 242, in form_valid
    form.save(**opts)
    ~~~~~~~~~^^^^^^^^
  File "C:\Users\HP\Downloads\store_manager_project_with_password_reset\venv\Lib\site-packages\django\contrib\auth\forms.py", line 498, in save
    self.send_mail(
    ~~~~~~~~~~~~~~^
        subject_template_name,
        ^^^^^^^^^^^^^^^^^^^^^^
    ...<4 lines>...
        html_email_template_name=html_email_template_name,
        ^^^^^^^^^^^^^^^^^^^^^^^^^^^^^^^^^^^^^^^^^^^^^^^^^^
    )
    ^
  File "C:\Users\HP\Downloads\store_manager_project_with_password_reset\venv\Lib\site-packages\django\contrib\auth\forms.py", line 426, in send_mail
    body = loader.render_to_string(email_template_name, context)
  File "C:\Users\HP\Downloads\store_manager_project_with_password_reset\venv\Lib\site-packages\django\template\loader.py", line 62, in render_to_string
    return template.render(context, request)
           ~~~~~~~~~~~~~~~^^^^^^^^^^^^^^^^^^
  File "C:\Users\HP\Downloads\store_manager_project_with_password_reset\venv\Lib\site-packages\django\template\backends\django.py", line 107, in render
    return self.template.render(context)
           ~~~~~~~~~~~~~~~~~~~~^^^^^^^^^
  File "C:\Users\HP\Downloads\store_manager_project_with_password_reset\venv\Lib\site-packages\django\template\base.py", line 171, in render
    return self._render(context)
           ~~~~~~~~~~~~^^^^^^^^^
  File "C:\Users\HP\Downloads\store_manager_project_with_password_reset\venv\Lib\site-packages\django\template\base.py", line 163, in _render
    return self.nodelist.render(context)
           ~~~~~~~~~~~~~~~~~~~~^^^^^^^^^
  File "C:\Users\HP\Downloads\store_manager_project_with_password_reset\venv\Lib\site-packages\django\template\base.py", line 1016, in render
    return SafeString("".join([node.render_annotated(context) for node in self]))
                               ~~~~~~~~~~~~~~~~~~~~~^^^^^^^^^
  File "C:\Users\HP\Downloads\store_manager_project_with_password_reset\venv\Lib\site-packages\django\template\base.py", line 977, in render_annotated
    return self.render(context)
           ~~~~~~~~~~~^^^^^^^^^
  File "C:\Users\HP\Downloads\store_manager_project_with_password_reset\venv\Lib\site-packages\django\template\defaulttags.py", line 55, in render
    output = self.nodelist.render(context)
  File "C:\Users\HP\Downloads\store_manager_project_with_password_reset\venv\Lib\site-packages\django\template\base.py", line 1016, in render
    return SafeString("".join([node.render_annotated(context) for node in self]))
                               ~~~~~~~~~~~~~~~~~~~~~^^^^^^^^^
  File "C:\Users\HP\Downloads\store_manager_project_with_password_reset\venv\Lib\site-packages\django\template\base.py", line 977, in render_annotated
    return self.render(context)
           ~~~~~~~~~~~^^^^^^^^^
  File "C:\Users\HP\Downloads\store_manager_project_with_password_reset\venv\Lib\site-packages\django\template\defaulttags.py", line 480, in render
    url = reverse(view_name, args=args, kwargs=kwargs, current_app=current_app)
  File "C:\Users\HP\Downloads\store_manager_project_with_password_reset\venv\Lib\site-packages\django\urls\base.py", line 98, in reverse
    resolved_url = resolver._reverse_with_prefix(view, prefix, *args, **kwargs)
  File "C:\Users\HP\Downloads\store_manager_project_with_password_reset\venv\Lib\site-packages\django\urls\resolvers.py", line 831, in _reverse_with_prefix
    raise NoReverseMatch(msg)
django.urls.exceptions.NoReverseMatch: Reverse for 'password_reset_confirm' not found. 'password_reset_confirm' is not a valid view function or pattern name.
INFO 2025-07-31 05:20:40,771 autoreload 9724 2604 Watching for file changes with StatReloader
WARNING 2025-07-31 05:20:50,508 views 9724 8604 Échec de connexion pour: Inconnu
INFO 2025-07-31 05:21:07,810 views 9724 8604 Demande de récupération de mot de passe pour: barkahamza454@gmail.com
ERROR 2025-07-31 05:21:08,061 log 9724 8604 Internal Server Error: /accounts/password-reset/
Traceback (most recent call last):
  File "C:\Users\HP\Downloads\store_manager_project_with_password_reset\venv\Lib\site-packages\django\core\handlers\exception.py", line 55, in inner
    response = get_response(request)
  File "C:\Users\HP\Downloads\store_manager_project_with_password_reset\venv\Lib\site-packages\django\core\handlers\base.py", line 197, in _get_response
    response = wrapped_callback(request, *callback_args, **callback_kwargs)
  File "C:\Users\HP\Downloads\store_manager_project_with_password_reset\venv\Lib\site-packages\django\views\generic\base.py", line 104, in view
    return self.dispatch(request, *args, **kwargs)
           ~~~~~~~~~~~~~^^^^^^^^^^^^^^^^^^^^^^^^^^
  File "C:\Users\HP\Downloads\store_manager_project_with_password_reset\venv\Lib\site-packages\django\utils\decorators.py", line 48, in _wrapper
    return bound_method(*args, **kwargs)
  File "C:\Users\HP\Downloads\store_manager_project_with_password_reset\venv\Lib\site-packages\django\utils\decorators.py", line 48, in _wrapper
    return bound_method(*args, **kwargs)
  File "C:\Users\HP\Downloads\store_manager_project_with_password_reset\venv\Lib\site-packages\django\utils\decorators.py", line 192, in _view_wrapper
    result = _process_exception(request, e)
  File "C:\Users\HP\Downloads\store_manager_project_with_password_reset\venv\Lib\site-packages\django\utils\decorators.py", line 190, in _view_wrapper
    response = view_func(request, *args, **kwargs)
  File "C:\Users\HP\Downloads\store_manager_project_with_password_reset\venv\Lib\site-packages\django\contrib\auth\views.py", line 229, in dispatch
    return super().dispatch(*args, **kwargs)
           ~~~~~~~~~~~~~~~~^^^^^^^^^^^^^^^^^
  File "C:\Users\HP\Downloads\store_manager_project_with_password_reset\venv\Lib\site-packages\django\views\generic\base.py", line 143, in dispatch
    return handler(request, *args, **kwargs)
  File "C:\Users\HP\Downloads\store_manager_project_with_password_reset\venv\Lib\site-packages\django\views\generic\edit.py", line 151, in post
    return self.form_valid(form)
           ~~~~~~~~~~~~~~~^^^^^^
  File "C:\Users\HP\Downloads\store_manager_project_with_password_reset\apps\accounts\views.py", line 125, in form_valid
    return super().form_valid(form)
           ~~~~~~~~~~~~~~~~~~^^^^^^
  File "C:\Users\HP\Downloads\store_manager_project_with_password_reset\venv\Lib\site-packages\django\contrib\auth\views.py", line 242, in form_valid
    form.save(**opts)
    ~~~~~~~~~^^^^^^^^
  File "C:\Users\HP\Downloads\store_manager_project_with_password_reset\venv\Lib\site-packages\django\contrib\auth\forms.py", line 498, in save
    self.send_mail(
    ~~~~~~~~~~~~~~^
        subject_template_name,
        ^^^^^^^^^^^^^^^^^^^^^^
    ...<4 lines>...
        html_email_template_name=html_email_template_name,
        ^^^^^^^^^^^^^^^^^^^^^^^^^^^^^^^^^^^^^^^^^^^^^^^^^^
    )
    ^
  File "C:\Users\HP\Downloads\store_manager_project_with_password_reset\venv\Lib\site-packages\django\contrib\auth\forms.py", line 426, in send_mail
    body = loader.render_to_string(email_template_name, context)
  File "C:\Users\HP\Downloads\store_manager_project_with_password_reset\venv\Lib\site-packages\django\template\loader.py", line 62, in render_to_string
    return template.render(context, request)
           ~~~~~~~~~~~~~~~^^^^^^^^^^^^^^^^^^
  File "C:\Users\HP\Downloads\store_manager_project_with_password_reset\venv\Lib\site-packages\django\template\backends\django.py", line 107, in render
    return self.template.render(context)
           ~~~~~~~~~~~~~~~~~~~~^^^^^^^^^
  File "C:\Users\HP\Downloads\store_manager_project_with_password_reset\venv\Lib\site-packages\django\template\base.py", line 171, in render
    return self._render(context)
           ~~~~~~~~~~~~^^^^^^^^^
  File "C:\Users\HP\Downloads\store_manager_project_with_password_reset\venv\Lib\site-packages\django\template\base.py", line 163, in _render
    return self.nodelist.render(context)
           ~~~~~~~~~~~~~~~~~~~~^^^^^^^^^
  File "C:\Users\HP\Downloads\store_manager_project_with_password_reset\venv\Lib\site-packages\django\template\base.py", line 1016, in render
    return SafeString("".join([node.render_annotated(context) for node in self]))
                               ~~~~~~~~~~~~~~~~~~~~~^^^^^^^^^
  File "C:\Users\HP\Downloads\store_manager_project_with_password_reset\venv\Lib\site-packages\django\template\base.py", line 977, in render_annotated
    return self.render(context)
           ~~~~~~~~~~~^^^^^^^^^
  File "C:\Users\HP\Downloads\store_manager_project_with_password_reset\venv\Lib\site-packages\django\template\defaulttags.py", line 55, in render
    output = self.nodelist.render(context)
  File "C:\Users\HP\Downloads\store_manager_project_with_password_reset\venv\Lib\site-packages\django\template\base.py", line 1016, in render
    return SafeString("".join([node.render_annotated(context) for node in self]))
                               ~~~~~~~~~~~~~~~~~~~~~^^^^^^^^^
  File "C:\Users\HP\Downloads\store_manager_project_with_password_reset\venv\Lib\site-packages\django\template\base.py", line 977, in render_annotated
    return self.render(context)
           ~~~~~~~~~~~^^^^^^^^^
  File "C:\Users\HP\Downloads\store_manager_project_with_password_reset\venv\Lib\site-packages\django\template\defaulttags.py", line 480, in render
    url = reverse(view_name, args=args, kwargs=kwargs, current_app=current_app)
  File "C:\Users\HP\Downloads\store_manager_project_with_password_reset\venv\Lib\site-packages\django\urls\base.py", line 98, in reverse
    resolved_url = resolver._reverse_with_prefix(view, prefix, *args, **kwargs)
  File "C:\Users\HP\Downloads\store_manager_project_with_password_reset\venv\Lib\site-packages\django\urls\resolvers.py", line 831, in _reverse_with_prefix
    raise NoReverseMatch(msg)
django.urls.exceptions.NoReverseMatch: Reverse for 'password_reset_confirm' not found. 'password_reset_confirm' is not a valid view function or pattern name.
INFO 2025-07-31 05:21:44,382 views 9724 8604 Demande de récupération de mot de passe pour: barkahamza454@gmail.com
ERROR 2025-07-31 05:21:44,596 log 9724 8604 Internal Server Error: /accounts/password-reset/
Traceback (most recent call last):
  File "C:\Users\HP\Downloads\store_manager_project_with_password_reset\venv\Lib\site-packages\django\core\handlers\exception.py", line 55, in inner
    response = get_response(request)
  File "C:\Users\HP\Downloads\store_manager_project_with_password_reset\venv\Lib\site-packages\django\core\handlers\base.py", line 197, in _get_response
    response = wrapped_callback(request, *callback_args, **callback_kwargs)
  File "C:\Users\HP\Downloads\store_manager_project_with_password_reset\venv\Lib\site-packages\django\views\generic\base.py", line 104, in view
    return self.dispatch(request, *args, **kwargs)
           ~~~~~~~~~~~~~^^^^^^^^^^^^^^^^^^^^^^^^^^
  File "C:\Users\HP\Downloads\store_manager_project_with_password_reset\venv\Lib\site-packages\django\utils\decorators.py", line 48, in _wrapper
    return bound_method(*args, **kwargs)
  File "C:\Users\HP\Downloads\store_manager_project_with_password_reset\venv\Lib\site-packages\django\utils\decorators.py", line 48, in _wrapper
    return bound_method(*args, **kwargs)
  File "C:\Users\HP\Downloads\store_manager_project_with_password_reset\venv\Lib\site-packages\django\utils\decorators.py", line 192, in _view_wrapper
    result = _process_exception(request, e)
  File "C:\Users\HP\Downloads\store_manager_project_with_password_reset\venv\Lib\site-packages\django\utils\decorators.py", line 190, in _view_wrapper
    response = view_func(request, *args, **kwargs)
  File "C:\Users\HP\Downloads\store_manager_project_with_password_reset\venv\Lib\site-packages\django\contrib\auth\views.py", line 229, in dispatch
    return super().dispatch(*args, **kwargs)
           ~~~~~~~~~~~~~~~~^^^^^^^^^^^^^^^^^
  File "C:\Users\HP\Downloads\store_manager_project_with_password_reset\venv\Lib\site-packages\django\views\generic\base.py", line 143, in dispatch
    return handler(request, *args, **kwargs)
  File "C:\Users\HP\Downloads\store_manager_project_with_password_reset\venv\Lib\site-packages\django\views\generic\edit.py", line 151, in post
    return self.form_valid(form)
           ~~~~~~~~~~~~~~~^^^^^^
  File "C:\Users\HP\Downloads\store_manager_project_with_password_reset\apps\accounts\views.py", line 125, in form_valid
    return super().form_valid(form)
           ~~~~~~~~~~~~~~~~~~^^^^^^
  File "C:\Users\HP\Downloads\store_manager_project_with_password_reset\venv\Lib\site-packages\django\contrib\auth\views.py", line 242, in form_valid
    form.save(**opts)
    ~~~~~~~~~^^^^^^^^
  File "C:\Users\HP\Downloads\store_manager_project_with_password_reset\venv\Lib\site-packages\django\contrib\auth\forms.py", line 498, in save
    self.send_mail(
    ~~~~~~~~~~~~~~^
        subject_template_name,
        ^^^^^^^^^^^^^^^^^^^^^^
    ...<4 lines>...
        html_email_template_name=html_email_template_name,
        ^^^^^^^^^^^^^^^^^^^^^^^^^^^^^^^^^^^^^^^^^^^^^^^^^^
    )
    ^
  File "C:\Users\HP\Downloads\store_manager_project_with_password_reset\venv\Lib\site-packages\django\contrib\auth\forms.py", line 426, in send_mail
    body = loader.render_to_string(email_template_name, context)
  File "C:\Users\HP\Downloads\store_manager_project_with_password_reset\venv\Lib\site-packages\django\template\loader.py", line 62, in render_to_string
    return template.render(context, request)
           ~~~~~~~~~~~~~~~^^^^^^^^^^^^^^^^^^
  File "C:\Users\HP\Downloads\store_manager_project_with_password_reset\venv\Lib\site-packages\django\template\backends\django.py", line 107, in render
    return self.template.render(context)
           ~~~~~~~~~~~~~~~~~~~~^^^^^^^^^
  File "C:\Users\HP\Downloads\store_manager_project_with_password_reset\venv\Lib\site-packages\django\template\base.py", line 171, in render
    return self._render(context)
           ~~~~~~~~~~~~^^^^^^^^^
  File "C:\Users\HP\Downloads\store_manager_project_with_password_reset\venv\Lib\site-packages\django\template\base.py", line 163, in _render
    return self.nodelist.render(context)
           ~~~~~~~~~~~~~~~~~~~~^^^^^^^^^
  File "C:\Users\HP\Downloads\store_manager_project_with_password_reset\venv\Lib\site-packages\django\template\base.py", line 1016, in render
    return SafeString("".join([node.render_annotated(context) for node in self]))
                               ~~~~~~~~~~~~~~~~~~~~~^^^^^^^^^
  File "C:\Users\HP\Downloads\store_manager_project_with_password_reset\venv\Lib\site-packages\django\template\base.py", line 977, in render_annotated
    return self.render(context)
           ~~~~~~~~~~~^^^^^^^^^
  File "C:\Users\HP\Downloads\store_manager_project_with_password_reset\venv\Lib\site-packages\django\template\defaulttags.py", line 55, in render
    output = self.nodelist.render(context)
  File "C:\Users\HP\Downloads\store_manager_project_with_password_reset\venv\Lib\site-packages\django\template\base.py", line 1016, in render
    return SafeString("".join([node.render_annotated(context) for node in self]))
                               ~~~~~~~~~~~~~~~~~~~~~^^^^^^^^^
  File "C:\Users\HP\Downloads\store_manager_project_with_password_reset\venv\Lib\site-packages\django\template\base.py", line 977, in render_annotated
    return self.render(context)
           ~~~~~~~~~~~^^^^^^^^^
  File "C:\Users\HP\Downloads\store_manager_project_with_password_reset\venv\Lib\site-packages\django\template\defaulttags.py", line 480, in render
    url = reverse(view_name, args=args, kwargs=kwargs, current_app=current_app)
  File "C:\Users\HP\Downloads\store_manager_project_with_password_reset\venv\Lib\site-packages\django\urls\base.py", line 98, in reverse
    resolved_url = resolver._reverse_with_prefix(view, prefix, *args, **kwargs)
  File "C:\Users\HP\Downloads\store_manager_project_with_password_reset\venv\Lib\site-packages\django\urls\resolvers.py", line 831, in _reverse_with_prefix
    raise NoReverseMatch(msg)
django.urls.exceptions.NoReverseMatch: Reverse for 'password_reset_confirm' not found. 'password_reset_confirm' is not a valid view function or pattern name.
INFO 2025-08-01 20:03:32,145 autoreload 12676 10424 Watching for file changes with StatReloader
WARNING 2025-08-01 20:03:36,709 log 12676 4392 Not Found: /favicon.ico
INFO 2025-08-02 00:59:14,952 autoreload 11504 16048 Watching for file changes with StatReloader
INFO 2025-08-02 02:06:41,887 autoreload 3108 18036 Watching for file changes with StatReloader
